0 info it worked if it ends with ok
1 verbose cli [ '/usr/bin/node', '/usr/bin/npm', 'install' ]
2 info using npm@3.5.2
3 info using node@v8.10.0
4 silly loadCurrentTree Starting
5 silly install loadCurrentTree
6 silly install readLocalPackageData
7 silly install normalizeTree
8 silly loadCurrentTree Finishing
9 silly loadIdealTree Starting
10 silly install loadIdealTree
11 silly cloneCurrentTree Starting
12 silly install cloneCurrentTreeToIdealTree
13 silly cloneCurrentTree Finishing
14 silly loadShrinkwrap Starting
15 silly install loadShrinkwrap
16 silly loadShrinkwrap Finishing
17 silly loadAllDepsIntoIdealTree Starting
18 silly install loadAllDepsIntoIdealTree
19 silly fetchNamedPackageData aws-sdk
20 silly mapToRegistry name aws-sdk
21 silly mapToRegistry using default registry
22 silly mapToRegistry registry https://registry.npmjs.org/
23 silly mapToRegistry uri https://registry.npmjs.org/aws-sdk
24 silly fetchNamedPackageData dotenv
25 silly mapToRegistry name dotenv
26 silly mapToRegistry using default registry
27 silly mapToRegistry registry https://registry.npmjs.org/
28 silly mapToRegistry uri https://registry.npmjs.org/dotenv
29 silly fetchNamedPackageData express
30 silly mapToRegistry name express
31 silly mapToRegistry using default registry
32 silly mapToRegistry registry https://registry.npmjs.org/
33 silly mapToRegistry uri https://registry.npmjs.org/express
34 silly fetchNamedPackageData pg
35 silly mapToRegistry name pg
36 silly mapToRegistry using default registry
37 silly mapToRegistry registry https://registry.npmjs.org/
38 silly mapToRegistry uri https://registry.npmjs.org/pg
39 silly fetchNamedPackageData sequelize
40 silly mapToRegistry name sequelize
41 silly mapToRegistry using default registry
42 silly mapToRegistry registry https://registry.npmjs.org/
43 silly mapToRegistry uri https://registry.npmjs.org/sequelize
44 verbose request uri https://registry.npmjs.org/pg
45 verbose request no auth needed
46 info attempt registry request try #1 at 1:24:51 PM
47 verbose request id 45bc2d1b7e8a1813
48 verbose etag W/"16e97aea8a581513092c772b113d4a48"
49 verbose lastModified Tue, 23 Aug 2022 16:37:00 GMT
50 http request GET https://registry.npmjs.org/pg
51 verbose request uri https://registry.npmjs.org/sequelize
52 verbose request no auth needed
53 info attempt registry request try #1 at 1:24:51 PM
54 verbose etag W/"08404a405ce075d98f33d2b5e87b72af"
55 verbose lastModified Tue, 22 Nov 2022 11:19:37 GMT
56 http request GET https://registry.npmjs.org/sequelize
57 verbose request uri https://registry.npmjs.org/aws-sdk
58 verbose request no auth needed
59 info attempt registry request try #1 at 1:24:51 PM
60 verbose etag W/"0b5fc43a3ef04b0b27457943130744d5"
61 verbose lastModified Wed, 23 Nov 2022 19:38:17 GMT
62 http request GET https://registry.npmjs.org/aws-sdk
63 verbose request uri https://registry.npmjs.org/dotenv
64 verbose request no auth needed
65 info attempt registry request try #1 at 1:24:51 PM
66 verbose etag W/"db0b48f7b015945638147840dc10f0c2"
67 verbose lastModified Fri, 29 Apr 2022 03:43:20 GMT
68 http request GET https://registry.npmjs.org/dotenv
69 verbose request uri https://registry.npmjs.org/express
70 verbose request no auth needed
71 info attempt registry request try #1 at 1:24:51 PM
72 verbose etag W/"91d7308ae4beecdff544c0ad835491dc"
73 verbose lastModified Sun, 01 May 2022 22:20:18 GMT
74 http request GET https://registry.npmjs.org/express
75 http 304 https://registry.npmjs.org/aws-sdk
76 verbose headers { date: 'Sat, 26 Nov 2022 07:54:51 GMT',
76 verbose headers   connection: 'keep-alive',
76 verbose headers   'cf-ray': '77010efa6b7e9630-DEL',
76 verbose headers   age: '203',
76 verbose headers   'cache-control': 'public, max-age=300',
76 verbose headers   etag: '"0b5fc43a3ef04b0b27457943130744d5"',
76 verbose headers   'last-modified': 'Wed, 23 Nov 2022 19:38:17 GMT',
76 verbose headers   vary: 'Accept-Encoding',
76 verbose headers   'cf-cache-status': 'HIT',
76 verbose headers   'x-amz-replication-status': 'COMPLETED',
76 verbose headers   server: 'cloudflare' }
77 silly get cb [ 304,
77 silly get   { date: 'Sat, 26 Nov 2022 07:54:51 GMT',
77 silly get     connection: 'keep-alive',
77 silly get     'cf-ray': '77010efa6b7e9630-DEL',
77 silly get     age: '203',
77 silly get     'cache-control': 'public, max-age=300',
77 silly get     etag: '"0b5fc43a3ef04b0b27457943130744d5"',
77 silly get     'last-modified': 'Wed, 23 Nov 2022 19:38:17 GMT',
77 silly get     vary: 'Accept-Encoding',
77 silly get     'cf-cache-status': 'HIT',
77 silly get     'x-amz-replication-status': 'COMPLETED',
77 silly get     server: 'cloudflare' } ]
78 verbose etag https://registry.npmjs.org/aws-sdk from cache
79 verbose get saving aws-sdk to /home/keshavgangwal/.npm/registry.npmjs.org/aws-sdk/.cache.json
80 http 304 https://registry.npmjs.org/sequelize
81 verbose headers { date: 'Sat, 26 Nov 2022 07:54:52 GMT',
81 verbose headers   connection: 'keep-alive',
81 verbose headers   'cf-ray': '77010efb79c81bd0-BOM',
81 verbose headers   age: '154',
81 verbose headers   'cache-control': 'public, max-age=300',
81 verbose headers   etag: '"08404a405ce075d98f33d2b5e87b72af"',
81 verbose headers   'last-modified': 'Tue, 22 Nov 2022 11:19:37 GMT',
81 verbose headers   vary: 'Accept-Encoding',
81 verbose headers   'cf-cache-status': 'HIT',
81 verbose headers   'x-amz-replication-status': 'COMPLETED',
81 verbose headers   server: 'cloudflare' }
82 silly get cb [ 304,
82 silly get   { date: 'Sat, 26 Nov 2022 07:54:52 GMT',
82 silly get     connection: 'keep-alive',
82 silly get     'cf-ray': '77010efb79c81bd0-BOM',
82 silly get     age: '154',
82 silly get     'cache-control': 'public, max-age=300',
82 silly get     etag: '"08404a405ce075d98f33d2b5e87b72af"',
82 silly get     'last-modified': 'Tue, 22 Nov 2022 11:19:37 GMT',
82 silly get     vary: 'Accept-Encoding',
82 silly get     'cf-cache-status': 'HIT',
82 silly get     'x-amz-replication-status': 'COMPLETED',
82 silly get     server: 'cloudflare' } ]
83 verbose etag https://registry.npmjs.org/sequelize from cache
84 verbose get saving sequelize to /home/keshavgangwal/.npm/registry.npmjs.org/sequelize/.cache.json
85 silly resolveWithNewModule aws-sdk@2.1261.0 checking installable status
86 silly cache add args [ 'aws-sdk@^2.1253.0', null ]
87 verbose cache add spec aws-sdk@^2.1253.0
88 silly cache add parsed spec Result {
88 silly cache add   raw: 'aws-sdk@^2.1253.0',
88 silly cache add   scope: null,
88 silly cache add   name: 'aws-sdk',
88 silly cache add   rawSpec: '^2.1253.0',
88 silly cache add   spec: '>=2.1253.0 <3.0.0',
88 silly cache add   type: 'range' }
89 silly addNamed aws-sdk@>=2.1253.0 <3.0.0
90 verbose addNamed ">=2.1253.0 <3.0.0" is a valid semver range for aws-sdk
91 silly addNameRange { name: 'aws-sdk', range: '>=2.1253.0 <3.0.0', hasData: false }
92 silly mapToRegistry name aws-sdk
93 silly mapToRegistry using default registry
94 silly mapToRegistry registry https://registry.npmjs.org/
95 silly mapToRegistry uri https://registry.npmjs.org/aws-sdk
96 verbose addNameRange registry:https://registry.npmjs.org/aws-sdk not in flight; fetching
97 http 200 https://registry.npmjs.org/dotenv
98 verbose headers { date: 'Sat, 26 Nov 2022 07:54:52 GMT',
98 verbose headers   'content-type': 'application/json',
98 verbose headers   'transfer-encoding': 'chunked',
98 verbose headers   connection: 'keep-alive',
98 verbose headers   'cf-ray': '77010efaebe3e33c-DEL',
98 verbose headers   'access-control-allow-origin': '*',
98 verbose headers   'cache-control': 'public, max-age=300',
98 verbose headers   etag: 'W/"75fcf7b500e492deb917633cdd9b4a92"',
98 verbose headers   'last-modified': 'Sun, 13 Nov 2022 06:08:12 GMT',
98 verbose headers   vary: 'accept-encoding, accept',
98 verbose headers   'cf-cache-status': 'HIT',
98 verbose headers   'x-amz-replication-status': 'COMPLETED',
98 verbose headers   server: 'cloudflare',
98 verbose headers   'content-encoding': 'gzip' }
99 silly get cb [ 200,
99 silly get   { date: 'Sat, 26 Nov 2022 07:54:52 GMT',
99 silly get     'content-type': 'application/json',
99 silly get     'transfer-encoding': 'chunked',
99 silly get     connection: 'keep-alive',
99 silly get     'cf-ray': '77010efaebe3e33c-DEL',
99 silly get     'access-control-allow-origin': '*',
99 silly get     'cache-control': 'public, max-age=300',
99 silly get     etag: 'W/"75fcf7b500e492deb917633cdd9b4a92"',
99 silly get     'last-modified': 'Sun, 13 Nov 2022 06:08:12 GMT',
99 silly get     vary: 'accept-encoding, accept',
99 silly get     'cf-cache-status': 'HIT',
99 silly get     'x-amz-replication-status': 'COMPLETED',
99 silly get     server: 'cloudflare',
99 silly get     'content-encoding': 'gzip' } ]
100 verbose get saving dotenv to /home/keshavgangwal/.npm/registry.npmjs.org/dotenv/.cache.json
101 verbose get https://registry.npmjs.org/aws-sdk not expired, no request
102 silly addNameRange number 2 { name: 'aws-sdk', range: '>=2.1253.0 <3.0.0', hasData: true }
103 silly addNameRange versions [ 'aws-sdk',
103 silly addNameRange   [ '0.9.0-pre.1',
103 silly addNameRange     '0.9.1-pre.2',
103 silly addNameRange     '0.9.2-pre.3',
103 silly addNameRange     '0.9.3-pre.4',
103 silly addNameRange     '0.9.4-pre.5',
103 silly addNameRange     '0.9.5-pre.6',
103 silly addNameRange     '0.9.6-pre.7',
103 silly addNameRange     '0.9.7-pre.8',
103 silly addNameRange     '0.9.8-pre.9',
103 silly addNameRange     '0.9.9-pre.10',
103 silly addNameRange     '1.0.0',
103 silly addNameRange     '1.1.0',
103 silly addNameRange     '1.2.0',
103 silly addNameRange     '1.3.0',
103 silly addNameRange     '1.3.1',
103 silly addNameRange     '1.3.2',
103 silly addNameRange     '1.4.0',
103 silly addNameRange     '1.4.1',
103 silly addNameRange     '1.5.0',
103 silly addNameRange     '1.5.1',
103 silly addNameRange     '1.5.2',
103 silly addNameRange     '1.6.0',
103 silly addNameRange     '1.7.0',
103 silly addNameRange     '1.7.1',
103 silly addNameRange     '1.8.0',
103 silly addNameRange     '1.8.1',
103 silly addNameRange     '1.9.0',
103 silly addNameRange     '1.10.0',
103 silly addNameRange     '2.0.0-rc1',
103 silly addNameRange     '1.12.0',
103 silly addNameRange     '1.13.0',
103 silly addNameRange     '1.14.0',
103 silly addNameRange     '2.0.0-rc2',
103 silly addNameRange     '1.15.0',
103 silly addNameRange     '2.0.0-rc3',
103 silly addNameRange     '1.16.0',
103 silly addNameRange     '2.0.0-rc4',
103 silly addNameRange     '1.17.0',
103 silly addNameRange     '2.0.0-rc5',
103 silly addNameRange     '1.17.1',
103 silly addNameRange     '2.0.0-rc6',
103 silly addNameRange     '1.17.2',
103 silly addNameRange     '2.0.0-rc7',
103 silly addNameRange     '1.17.3',
103 silly addNameRange     '2.0.0-rc8',
103 silly addNameRange     '1.18.0',
103 silly addNameRange     '2.0.0-rc9',
103 silly addNameRange     '2.0.0-rc10',
103 silly addNameRange     '2.0.0-rc11',
103 silly addNameRange     '2.0.0-rc12',
103 silly addNameRange     '2.0.0-rc13',
103 silly addNameRange     '2.0.0-rc.14',
103 silly addNameRange     '2.0.0-rc.15',
103 silly addNameRange     '2.0.0-rc.16',
103 silly addNameRange     '2.0.0-rc.17',
103 silly addNameRange     '2.0.0-rc.18',
103 silly addNameRange     '2.0.0-rc.19',
103 silly addNameRange     '2.0.0-rc.20',
103 silly addNameRange     '2.0.1',
103 silly addNameRange     '2.0.2',
103 silly addNameRange     '2.0.3',
103 silly addNameRange     '2.0.4',
103 silly addNameRange     '2.0.5',
103 silly addNameRange     '2.0.6',
103 silly addNameRange     '2.0.7',
103 silly addNameRange     '2.0.8',
103 silly addNameRange     '2.0.9',
103 silly addNameRange     '2.0.10',
103 silly addNameRange     '2.0.11',
103 silly addNameRange     '2.0.12',
103 silly addNameRange     '2.0.13',
103 silly addNameRange     '2.0.14',
103 silly addNameRange     '2.0.15',
103 silly addNameRange     '2.0.16',
103 silly addNameRange     '2.0.17',
103 silly addNameRange     '2.0.18',
103 silly addNameRange     '2.0.19',
103 silly addNameRange     '2.0.21',
103 silly addNameRange     '2.0.22',
103 silly addNameRange     '2.0.23',
103 silly addNameRange     '2.0.24',
103 silly addNameRange     '2.0.25',
103 silly addNameRange     '2.0.26',
103 silly addNameRange     '2.0.27',
103 silly addNameRange     '2.0.28',
103 silly addNameRange     '2.0.29',
103 silly addNameRange     '2.0.30',
103 silly addNameRange     '2.0.31',
103 silly addNameRange     '2.1.0',
103 silly addNameRange     '2.1.1',
103 silly addNameRange     '2.1.2',
103 silly addNameRange     '2.1.3',
103 silly addNameRange     '2.1.4',
103 silly addNameRange     '2.1.5',
103 silly addNameRange     '2.1.6',
103 silly addNameRange     '2.1.7',
103 silly addNameRange     '2.1.8',
103 silly addNameRange     '2.1.9',
103 silly addNameRange     '2.1.10',
103 silly addNameRange     '2.1.11',
103 silly addNameRange     ... 1434 more items ] ]
104 silly addNamed aws-sdk@2.1261.0
105 verbose addNamed "2.1261.0" is a plain semver version for aws-sdk
106 verbose stack Error: Missing required argument #1
106 verbose stack     at andLogAndFinish (/usr/share/npm/lib/fetch-package-metadata.js:31:3)
106 verbose stack     at fetchPackageMetadata (/usr/share/npm/lib/fetch-package-metadata.js:51:22)
106 verbose stack     at resolveWithNewModule (/usr/share/npm/lib/install/deps.js:456:12)
106 verbose stack     at /usr/share/npm/lib/install/deps.js:457:7
106 verbose stack     at /usr/share/npm/node_modules/iferr/index.js:13:50
106 verbose stack     at /usr/share/npm/lib/fetch-package-metadata.js:37:12
106 verbose stack     at addRequestedAndFinish (/usr/share/npm/lib/fetch-package-metadata.js:82:5)
106 verbose stack     at returnAndAddMetadata (/usr/share/npm/lib/fetch-package-metadata.js:117:7)
106 verbose stack     at pickVersionFromRegistryDocument (/usr/share/npm/lib/fetch-package-metadata.js:134:20)
106 verbose stack     at /usr/share/npm/node_modules/iferr/index.js:13:50
107 verbose cwd /home/keshavgangwal/Desktop/Shoora/video-telematics
108 error Linux 5.4.0-132-generic
109 error argv "/usr/bin/node" "/usr/bin/npm" "install"
110 error node v8.10.0
111 error npm  v3.5.2
112 error code EMISSINGARG
113 error typeerror Error: Missing required argument #1
113 error typeerror     at andLogAndFinish (/usr/share/npm/lib/fetch-package-metadata.js:31:3)
113 error typeerror     at fetchPackageMetadata (/usr/share/npm/lib/fetch-package-metadata.js:51:22)
113 error typeerror     at resolveWithNewModule (/usr/share/npm/lib/install/deps.js:456:12)
113 error typeerror     at /usr/share/npm/lib/install/deps.js:457:7
113 error typeerror     at /usr/share/npm/node_modules/iferr/index.js:13:50
113 error typeerror     at /usr/share/npm/lib/fetch-package-metadata.js:37:12
113 error typeerror     at addRequestedAndFinish (/usr/share/npm/lib/fetch-package-metadata.js:82:5)
113 error typeerror     at returnAndAddMetadata (/usr/share/npm/lib/fetch-package-metadata.js:117:7)
113 error typeerror     at pickVersionFromRegistryDocument (/usr/share/npm/lib/fetch-package-metadata.js:134:20)
113 error typeerror     at /usr/share/npm/node_modules/iferr/index.js:13:50
114 error typeerror This is an error with npm itself. Please report this error at:
114 error typeerror     <http://github.com/npm/npm/issues>
115 verbose exit [ 1, true ]
